2022-08-12 13:27:16,430 - [WARNING] - __main__ - (main.py).to_book_process_6(450) - 989852937-dacho_test_bot, data-FSMContextProxy state = 'UserStates:quantity_of_people', data = {'type_of_rent': 'posut', 'tariff': '5', 'date': [[15, 8, 2022], [16, 8, 2022], [17, 8, 2022]], 'quantity_of_people': 4}
2022-08-12 13:27:43,446 - [WARNING] - tools - (tools.py).pre_load_to_insert_into_gspread(610) - pre_load_to_insert_into_gspread for 989852937 is {'ФИО': 'Эренцен', 'телефон': '89371966581', 'тариф': '5 мкр', 'дата заезда': 'Понедельник, 15 августа 2022', 'Месяц': 8, 'дата выезда': 'Четверг, 18 августа 2022', 'итого суток': 3, 'время заезда': '14:00', 'время выезда': '12:00', 'итого часов': '', 'сумма брони': '1000', 'сумма долга': '5000', 'уборка оплачена': '', 'ИТОГО': '6000', 'человек': 4, 'допы (в,к,л,чаша, д,бк,чай, мж,мс,х,п,)': '', 'общая сумма допов ': 0, 'Доп.услуга': '', 'Кол-во': '', 'Способ оплаты': '', 'Статус': 'Внесли предоплату', 'комментарии': '', 'test_column': ''}
2022-08-16 17:50:24,045 - [WARNING] - tools - (tools.py).pre_load_to_insert_into_gspread(602) - pre_load_to_insert_into_gspread for 989852937 is {'ФИО': 'Ааа', 'телефон': '89371966581', 'тариф': '10 мкр', 'дата заезда': 'Среда, 31 августа 2022', 'Месяц': 8, 'дата выезда': 'Четверг, 1 сентября 2022', 'итого суток': 1, 'время заезда': '14:00', 'время выезда': '12:00', 'итого часов': '', 'сумма брони': '1000', 'сумма долга': '3000', 'уборка оплачена': '', 'ИТОГО': '4000', 'человек': 1, 'допы (в,к,л,чаша, д,бк,чай, мж,мс,х,п,)': '', 'общая сумма допов ': 0, 'Доп.услуга': '', 'Кол-во': '', 'Способ оплаты': '', 'Статус': 'Внесли предоплату', 'комментарии': '', 'test_column': ''}
2022-08-16 18:01:43,317 - [WARNING] - __main__ - (main.py).to_book_process_1(192) - didnt found tariff-bancho+
2022-08-16 18:02:11,433 - [WARNING] - __main__ - (main.py).to_book_process_6(480) - 989852937-dacho_test_bot, data-FSMContextProxy state = 'UserStates:additionals', data = {'type_of_rent': 'pochas', 'tariff': 'dombasicho', 'date': [[31, 8, 2022]], 'time': ['22.00', '23.00', '00.00'], 'additionals': ['Кальян']}
2022-08-16 18:02:37,627 - [WARNING] - tools - (tools.py).pre_load_to_insert_into_gspread(602) - pre_load_to_insert_into_gspread for 989852937 is {'ФИО': 'Эренцен', 'телефон': '89371966581', 'тариф': 'ДомБассиЧо', 'дата заезда': 'Среда, 31 августа 2022', 'Месяц': 8, 'дата выезда': '', 'итого суток': '', 'время заезда': '22:00', 'время выезда': '00:00', 'итого часов': '2.0', 'сумма брони': '1000', 'сумма долга': '5000.0', 'уборка оплачена': '', 'ИТОГО': '6000.0', 'человек': 1, 'допы (в,к,л,чаша, д,бк,чай, мж,мс,х,п,)': '', 'общая сумма допов ': 0, 'Доп.услуга': 'К а л ь я н', 'Кол-во': '', 'Способ оплаты': '', 'Статус': 'Внесли предоплату', 'комментарии': '', 'test_column': ''}
2022-08-16 19:13:38,938 - [WARNING] - __main__ - (main.py).to_book_process_6(480) - 5270346214-dacho_test_bot, data-FSMContextProxy state = 'UserStates:additionals', data = {'type_of_rent': 'posut', 'tariff': 'dacho', 'date': [[16, 8, 2022]], 'additionals': ['Простыни', 'Биокамин', 'Доп. Спальное место']}
2022-08-16 19:14:48,900 - [WARNING] - __main__ - (main.py).to_book_process_1(192) - didnt found tariff-bancho+
2022-08-16 19:15:44,544 - [WARNING] - __main__ - (main.py).to_book_process_6(480) - 5270346214-dacho_test_bot, data-FSMContextProxy state = 'UserStates:additionals', data = {'type_of_rent': 'pochas', 'tariff': 'domicho', 'date': [[12, 8, 2022]], 'time': ['14.00', '15.00', '16.00']}
2022-08-18 17:33:31,101 - [WARNING] - __main__ - (main.py).to_book_process_1(192) - didnt found tariff-bancho+
2022-08-18 17:33:50,864 - [WARNING] - __main__ - (main.py).to_book_process_1(192) - didnt found tariff-bancho+
2022-08-18 17:37:42,563 - [WARNING] - __main__ - (main.py).to_book_process_1(192) - didnt found tariff-bancho+
2022-08-18 17:37:56,842 - [WARNING] - __main__ - (main.py).to_book_process_6(471) - 989852937-dacho_test_bot, data-FSMContextProxy state = 'UserStates:additionals', data = {'tariff': 'dacho', 'date': [[26, 8, 2022], [25, 8, 2022]]}
2022-08-18 17:38:01,335 - [WARNING] - __main__ - (main.py).to_book_process_7(496) - 989852937-dacho_test_bot, data-FSMContextProxy state = 'UserStates:dogovor', data = {'tariff': 'dacho', 'date': [[26, 8, 2022], [25, 8, 2022]]}
2022-08-30 15:37:49,279 - [WARNING] - __main__ - (main.py).to_book_process_1(192) - didnt found tariff-bancho+
2022-08-30 15:38:11,966 - [WARNING] - __main__ - (main.py).to_book_process_6(471) - 989852937-dacho_test_bot, data-FSMContextProxy state = 'UserStates:additionals', data = {'tariff': 'dombasicho', 'date': [[18, 8, 2022]], 'time': ['23.00', '00.00', '01.00']}
2022-08-30 15:38:25,560 - [WARNING] - __main__ - (main.py).to_book_process_7(497) - 989852937-dacho_test_bot, data-FSMContextProxy state = 'UserStates:dogovor', data = {'tariff': 'dombasicho', 'date': [[18, 8, 2022]], 'time': ['23.00', '00.00', '01.00']}
2022-09-03 21:53:46,051 - [WARNING] - __main__ - (main.py).to_book_process_6(536) - 989852937-dacho_test_bot, data-FSMContextProxy state = 'UserStates:quantity_of_people', data = {'tariff': '10', 'date': [[22, 9, 2022]]}
2022-09-03 21:53:49,762 - [WARNING] - __main__ - (main.py).to_book_process_7(565) - 989852937-dacho_test_bot, data-FSMContextProxy state = 'UserStates:dogovor', data = {'tariff': '10', 'date': [[22, 9, 2022]]}
2022-09-03 22:12:04,316 - [WARNING] - __main__ - (main.py).to_book_process_6(542) - 989852937-dacho_test_bot, data-FSMContextProxy state = 'UserStates:additionals', data = {'tariff': 'domicho', 'date': [[15, 9, 2022]], 'time': ['23.00', '00.00', '01.00']}
2022-09-03 22:12:06,209 - [WARNING] - __main__ - (main.py).to_book_process_7(571) - 989852937-dacho_test_bot, data-FSMContextProxy state = 'UserStates:dogovor', data = {'tariff': 'domicho', 'date': [[15, 9, 2022]], 'time': ['23.00', '00.00', '01.00']}
2022-12-20 04:33:18,617 - [WARNING] - __main__ - (main.py).insert_match_2(108) - an error occured list index out of range
